2024/02/12 23:18:57 [notice] 1#1: using the "epoll" event method
2024/02/12 23:18:57 [notice] 1#1: nginx/1.25.3
2024/02/12 23:18:57 [notice] 1#1: built by gcc 12.2.0 (Debian 12.2.0-14) 
2024/02/12 23:18:57 [notice] 1#1: OS: Linux 5.15.49-linuxkit-pr
2024/02/12 23:18:57 [notice] 1#1: getrlimit(RLIMIT_NOFILE): 1048576:1048576
2024/02/12 23:18:57 [notice] 1#1: start worker processes
2024/02/12 23:18:57 [notice] 1#1: start worker process 28
2024/02/12 23:18:57 [notice] 1#1: start worker process 29
2024/02/12 23:18:57 [notice] 1#1: start worker process 30
2024/02/12 23:18:57 [notice] 1#1: start worker process 31
2024/02/12 23:18:57 [notice] 1#1: start worker process 32
2024/02/12 23:18:57 [notice] 1#1: start worker process 33
2024/02/12 23:18:57 [notice] 1#1: start worker process 34
2024/02/12 23:18:57 [notice] 1#1: start worker process 35
2024/02/12 23:20:08 [error] 29#29: *2 directory index of "/var/www/" is forbidden, client: 172.21.0.1, server: localhost, request: "GET / HTTP/1.1", host: "localhost"
2024/02/12 23:20:11 [error] 29#29: *2 directory index of "/var/www/" is forbidden, client: 172.21.0.1, server: localhost, request: "GET / HTTP/1.1", host: "localhost"
2024/02/12 23:20:43 [error] 29#29: *2 directory index of "/var/www/" is forbidden, client: 172.21.0.1, server: localhost, request: "GET / HTTP/1.1", host: "localhost"
2024/02/12 23:23:58 [notice] 1#1: signal 3 (SIGQUIT) received, shutting down
2024/02/12 23:23:58 [notice] 29#29: gracefully shutting down
2024/02/12 23:23:58 [notice] 29#29: exiting
2024/02/12 23:23:58 [notice] 28#28: gracefully shutting down
2024/02/12 23:23:58 [notice] 30#30: gracefully shutting down
2024/02/12 23:23:58 [notice] 34#34: gracefully shutting down
2024/02/12 23:23:58 [notice] 34#34: exiting
2024/02/12 23:23:58 [notice] 32#32: gracefully shutting down
2024/02/12 23:23:58 [notice] 34#34: exit
2024/02/12 23:23:58 [notice] 31#31: gracefully shutting down
2024/02/12 23:23:58 [notice] 33#33: gracefully shutting down
2024/02/12 23:23:58 [notice] 35#35: gracefully shutting down
2024/02/12 23:23:58 [notice] 29#29: exit
2024/02/12 23:23:58 [notice] 28#28: exiting
2024/02/12 23:23:58 [notice] 30#30: exiting
2024/02/12 23:23:58 [notice] 32#32: exiting
2024/02/12 23:23:58 [notice] 31#31: exiting
2024/02/12 23:23:58 [notice] 33#33: exiting
2024/02/12 23:23:58 [notice] 35#35: exiting
2024/02/12 23:23:58 [notice] 33#33: exit
2024/02/12 23:23:58 [notice] 28#28: exit
2024/02/12 23:23:58 [notice] 30#30: exit
2024/02/12 23:23:58 [notice] 32#32: exit
2024/02/12 23:23:58 [notice] 31#31: exit
2024/02/12 23:23:58 [notice] 35#35: exit
2024/02/12 23:23:58 [notice] 1#1: signal 17 (SIGCHLD) received from 28
2024/02/12 23:23:58 [notice] 1#1: worker process 28 exited with code 0
2024/02/12 23:23:58 [notice] 1#1: worker process 29 exited with code 0
2024/02/12 23:23:58 [notice] 1#1: worker process 30 exited with code 0
2024/02/12 23:23:58 [notice] 1#1: worker process 31 exited with code 0
2024/02/12 23:23:58 [notice] 1#1: worker process 33 exited with code 0
2024/02/12 23:23:58 [notice] 1#1: worker process 34 exited with code 0
2024/02/12 23:23:58 [notice] 1#1: worker process 35 exited with code 0
2024/02/12 23:23:58 [notice] 1#1: signal 29 (SIGIO) received
2024/02/12 23:23:58 [notice] 1#1: signal 17 (SIGCHLD) received from 31
2024/02/12 23:23:58 [notice] 1#1: signal 17 (SIGCHLD) received from 32
2024/02/12 23:23:58 [notice] 1#1: worker process 32 exited with code 0
2024/02/12 23:23:58 [notice] 1#1: exit
2024/02/12 23:23:58 [notice] 1#1: using the "epoll" event method
2024/02/12 23:23:58 [notice] 1#1: nginx/1.25.3
2024/02/12 23:23:58 [notice] 1#1: built by gcc 12.2.0 (Debian 12.2.0-14) 
2024/02/12 23:23:58 [notice] 1#1: OS: Linux 5.15.49-linuxkit-pr
2024/02/12 23:23:58 [notice] 1#1: getrlimit(RLIMIT_NOFILE): 1048576:1048576
2024/02/12 23:23:58 [notice] 1#1: start worker processes
2024/02/12 23:23:58 [notice] 1#1: start worker process 28
2024/02/12 23:23:58 [notice] 1#1: start worker process 29
2024/02/12 23:23:58 [notice] 1#1: start worker process 30
2024/02/12 23:23:58 [notice] 1#1: start worker process 31
2024/02/12 23:23:58 [notice] 1#1: start worker process 32
2024/02/12 23:23:58 [notice] 1#1: start worker process 33
2024/02/12 23:23:58 [notice] 1#1: start worker process 34
2024/02/12 23:23:58 [notice] 1#1: start worker process 35
2024/02/12 23:24:07 [error] 29#29: *1 directory index of "/var/www/" is forbidden, client: 172.21.0.1, server: localhost, request: "GET / HTTP/1.1", host: "localhost"
2024/02/12 23:24:08 [error] 29#29: *1 directory index of "/var/www/" is forbidden, client: 172.21.0.1, server: localhost, request: "GET / HTTP/1.1", host: "localhost"
2024/02/12 23:24:14 [notice] 1#1: signal 3 (SIGQUIT) received, shutting down
2024/02/12 23:24:14 [notice] 28#28: gracefully shutting down
2024/02/12 23:24:14 [notice] 29#29: gracefully shutting down
2024/02/12 23:24:14 [notice] 30#30: gracefully shutting down
2024/02/12 23:24:14 [notice] 31#31: gracefully shutting down
2024/02/12 23:24:14 [notice] 29#29: exiting
2024/02/12 23:24:14 [notice] 33#33: gracefully shutting down
2024/02/12 23:24:14 [notice] 34#34: gracefully shutting down
2024/02/12 23:24:14 [notice] 35#35: gracefully shutting down
2024/02/12 23:24:14 [notice] 32#32: gracefully shutting down
2024/02/12 23:24:14 [notice] 32#32: exiting
2024/02/12 23:24:14 [notice] 30#30: exiting
2024/02/12 23:24:14 [notice] 31#31: exiting
2024/02/12 23:24:14 [notice] 29#29: exit
2024/02/12 23:24:14 [notice] 33#33: exiting
2024/02/12 23:24:14 [notice] 31#31: exit
2024/02/12 23:24:14 [notice] 34#34: exiting
2024/02/12 23:24:14 [notice] 35#35: exiting
2024/02/12 23:24:14 [notice] 32#32: exit
2024/02/12 23:24:14 [notice] 30#30: exit
2024/02/12 23:24:14 [notice] 33#33: exit
2024/02/12 23:24:14 [notice] 34#34: exit
2024/02/12 23:24:14 [notice] 35#35: exit
2024/02/12 23:24:14 [notice] 1#1: signal 17 (SIGCHLD) received from 34
2024/02/12 23:24:14 [notice] 1#1: worker process 30 exited with code 0
2024/02/12 23:24:14 [notice] 1#1: worker process 34 exited with code 0
2024/02/12 23:24:14 [notice] 1#1: signal 29 (SIGIO) received
2024/02/12 23:24:14 [notice] 1#1: signal 17 (SIGCHLD) received from 30
2024/02/12 23:24:14 [notice] 1#1: signal 17 (SIGCHLD) received from 33
2024/02/12 23:24:14 [notice] 1#1: worker process 29 exited with code 0
2024/02/12 23:24:14 [notice] 1#1: worker process 33 exited with code 0
2024/02/12 23:24:14 [notice] 1#1: signal 29 (SIGIO) received
2024/02/12 23:24:14 [notice] 1#1: signal 17 (SIGCHLD) received from 35
2024/02/12 23:24:14 [notice] 1#1: worker process 31 exited with code 0
2024/02/12 23:24:14 [notice] 1#1: worker process 32 exited with code 0
2024/02/12 23:24:14 [notice] 1#1: worker process 35 exited with code 0
2024/02/12 23:24:14 [notice] 1#1: signal 29 (SIGIO) received
2024/02/12 23:24:14 [notice] 1#1: signal 17 (SIGCHLD) received from 31
2024/02/12 23:24:30 [notice] 1#1: using the "epoll" event method
2024/02/12 23:24:30 [notice] 1#1: nginx/1.25.3
2024/02/12 23:24:30 [notice] 1#1: built by gcc 12.2.0 (Debian 12.2.0-14) 
2024/02/12 23:24:30 [notice] 1#1: OS: Linux 5.15.49-linuxkit-pr
2024/02/12 23:24:30 [notice] 1#1: getrlimit(RLIMIT_NOFILE): 1048576:1048576
2024/02/12 23:24:30 [notice] 1#1: start worker processes
2024/02/12 23:24:30 [notice] 1#1: start worker process 28
2024/02/12 23:24:30 [notice] 1#1: start worker process 29
2024/02/12 23:24:30 [notice] 1#1: start worker process 30
2024/02/12 23:24:30 [notice] 1#1: start worker process 31
2024/02/12 23:24:30 [notice] 1#1: start worker process 32
2024/02/12 23:24:30 [notice] 1#1: start worker process 33
2024/02/12 23:24:30 [notice] 1#1: start worker process 34
2024/02/12 23:24:30 [notice] 1#1: start worker process 35
2024/02/12 23:24:34 [error] 28#28: *1 directory index of "/var/www/" is forbidden, client: 172.22.0.1, server: localhost, request: "GET / HTTP/1.1", host: "localhost"
2024/02/12 23:24:36 [error] 28#28: *1 directory index of "/var/www/" is forbidden, client: 172.22.0.1, server: localhost, request: "GET / HTTP/1.1", host: "localhost"
2024/02/12 23:30:34 [notice] 1#1: signal 3 (SIGQUIT) received, shutting down
2024/02/12 23:30:34 [notice] 28#28: gracefully shutting down
2024/02/12 23:30:34 [notice] 29#29: gracefully shutting down
2024/02/12 23:30:34 [notice] 29#29: exiting
2024/02/12 23:30:34 [notice] 30#30: gracefully shutting down
2024/02/12 23:30:34 [notice] 29#29: exit
2024/02/12 23:30:34 [notice] 31#31: gracefully shutting down
2024/02/12 23:30:34 [notice] 32#32: gracefully shutting down
2024/02/12 23:30:34 [notice] 34#34: gracefully shutting down
2024/02/12 23:30:34 [notice] 35#35: gracefully shutting down
2024/02/12 23:30:34 [notice] 35#35: exiting
2024/02/12 23:30:34 [notice] 35#35: exit
2024/02/12 23:30:34 [notice] 33#33: gracefully shutting down
2024/02/12 23:30:34 [notice] 28#28: exiting
2024/02/12 23:30:34 [notice] 30#30: exiting
2024/02/12 23:30:34 [notice] 31#31: exiting
2024/02/12 23:30:34 [notice] 32#32: exiting
2024/02/12 23:30:34 [notice] 34#34: exiting
2024/02/12 23:30:34 [notice] 33#33: exiting
2024/02/12 23:30:34 [notice] 28#28: exit
2024/02/12 23:30:34 [notice] 30#30: exit
2024/02/12 23:30:34 [notice] 31#31: exit
2024/02/12 23:30:34 [notice] 32#32: exit
2024/02/12 23:30:34 [notice] 34#34: exit
2024/02/12 23:30:34 [notice] 33#33: exit
2024/02/12 23:30:34 [notice] 1#1: signal 17 (SIGCHLD) received from 29
2024/02/12 23:30:34 [notice] 1#1: worker process 29 exited with code 0
2024/02/12 23:30:34 [notice] 1#1: signal 29 (SIGIO) received
2024/02/12 23:30:34 [notice] 1#1: signal 17 (SIGCHLD) received from 32
2024/02/12 23:30:34 [notice] 1#1: worker process 31 exited with code 0
2024/02/12 23:30:34 [notice] 1#1: worker process 32 exited with code 0
2024/02/12 23:30:34 [notice] 1#1: worker process 33 exited with code 0
2024/02/12 23:30:34 [notice] 1#1: worker process 34 exited with code 0
2024/02/12 23:30:34 [notice] 1#1: worker process 35 exited with code 0
2024/02/12 23:30:34 [notice] 1#1: signal 29 (SIGIO) received
2024/02/12 23:30:34 [notice] 1#1: signal 17 (SIGCHLD) received from 28
2024/02/12 23:30:34 [notice] 1#1: worker process 28 exited with code 0
2024/02/12 23:30:34 [notice] 1#1: signal 29 (SIGIO) received
2024/02/12 23:30:34 [notice] 1#1: signal 17 (SIGCHLD) received from 30
2024/02/12 23:30:34 [notice] 1#1: worker process 30 exited with code 0
2024/02/12 23:30:34 [notice] 1#1: exit
2024/02/12 23:30:34 [notice] 1#1: using the "epoll" event method
2024/02/12 23:30:34 [notice] 1#1: nginx/1.25.3
2024/02/12 23:30:34 [notice] 1#1: built by gcc 12.2.0 (Debian 12.2.0-14) 
2024/02/12 23:30:34 [notice] 1#1: OS: Linux 5.15.49-linuxkit-pr
2024/02/12 23:30:34 [notice] 1#1: getrlimit(RLIMIT_NOFILE): 1048576:1048576
2024/02/12 23:30:34 [notice] 1#1: start worker processes
2024/02/12 23:30:34 [notice] 1#1: start worker process 28
2024/02/12 23:30:34 [notice] 1#1: start worker process 29
2024/02/12 23:30:34 [notice] 1#1: start worker process 30
2024/02/12 23:30:34 [notice] 1#1: start worker process 31
2024/02/12 23:30:34 [notice] 1#1: start worker process 32
2024/02/12 23:30:34 [notice] 1#1: start worker process 33
2024/02/12 23:30:34 [notice] 1#1: start worker process 34
2024/02/12 23:30:34 [notice] 1#1: start worker process 35
2024/02/13 08:48:30 [notice] 1#1: signal 3 (SIGQUIT) received, shutting down
2024/02/13 08:48:30 [notice] 28#28: gracefully shutting down
2024/02/13 08:48:30 [notice] 29#29: gracefully shutting down
2024/02/13 08:48:30 [notice] 29#29: exiting
2024/02/13 08:48:30 [notice] 30#30: gracefully shutting down
2024/02/13 08:48:30 [notice] 34#34: gracefully shutting down
2024/02/13 08:48:30 [notice] 31#31: gracefully shutting down
2024/02/13 08:48:30 [notice] 31#31: exiting
2024/02/13 08:48:30 [notice] 31#31: exit
2024/02/13 08:48:30 [notice] 35#35: gracefully shutting down
2024/02/13 08:48:30 [notice] 32#32: gracefully shutting down
2024/02/13 08:48:30 [notice] 32#32: exiting
2024/02/13 08:48:30 [notice] 33#33: gracefully shutting down
2024/02/13 08:48:30 [notice] 33#33: exiting
2024/02/13 08:48:30 [notice] 28#28: exiting
2024/02/13 08:48:30 [notice] 29#29: exit
2024/02/13 08:48:30 [notice] 30#30: exiting
2024/02/13 08:48:30 [notice] 30#30: exit
2024/02/13 08:48:30 [notice] 34#34: exiting
2024/02/13 08:48:30 [notice] 35#35: exiting
2024/02/13 08:48:30 [notice] 34#34: exit
2024/02/13 08:48:30 [notice] 32#32: exit
2024/02/13 08:48:30 [notice] 33#33: exit
2024/02/13 08:48:30 [notice] 28#28: exit
2024/02/13 08:48:30 [notice] 35#35: exit
2024/02/13 08:48:30 [notice] 1#1: signal 17 (SIGCHLD) received from 28
2024/02/13 08:48:30 [notice] 1#1: worker process 28 exited with code 0
2024/02/13 08:48:30 [notice] 1#1: worker process 31 exited with code 0
2024/02/13 08:48:30 [notice] 1#1: worker process 32 exited with code 0
2024/02/13 08:48:30 [notice] 1#1: signal 29 (SIGIO) received
2024/02/13 08:48:30 [notice] 1#1: signal 17 (SIGCHLD) received from 35
2024/02/13 08:48:30 [notice] 1#1: worker process 35 exited with code 0
2024/02/13 08:48:30 [notice] 1#1: signal 29 (SIGIO) received
2024/02/13 08:48:30 [notice] 1#1: signal 17 (SIGCHLD) received from 30
2024/02/13 08:48:30 [notice] 1#1: worker process 30 exited with code 0
2024/02/13 08:48:30 [notice] 1#1: signal 29 (SIGIO) received
2024/02/13 08:48:30 [notice] 1#1: signal 17 (SIGCHLD) received from 29
2024/02/13 08:48:30 [notice] 1#1: worker process 29 exited with code 0
2024/02/13 08:48:30 [notice] 1#1: worker process 33 exited with code 0
2024/02/13 08:48:30 [notice] 1#1: worker process 34 exited with code 0
2024/02/13 08:48:30 [notice] 1#1: exit
2024/02/13 08:48:41 [notice] 1#1: using the "epoll" event method
2024/02/13 08:48:41 [notice] 1#1: nginx/1.25.3
2024/02/13 08:48:41 [notice] 1#1: built by gcc 12.2.0 (Debian 12.2.0-14) 
2024/02/13 08:48:41 [notice] 1#1: OS: Linux 5.15.49-linuxkit-pr
2024/02/13 08:48:41 [notice] 1#1: getrlimit(RLIMIT_NOFILE): 1048576:1048576
2024/02/13 08:48:41 [notice] 1#1: start worker processes
2024/02/13 08:48:41 [notice] 1#1: start worker process 28
2024/02/13 08:48:41 [notice] 1#1: start worker process 29
2024/02/13 08:48:41 [notice] 1#1: start worker process 30
2024/02/13 08:48:41 [notice] 1#1: start worker process 31
2024/02/13 08:48:41 [notice] 1#1: start worker process 32
2024/02/13 08:48:41 [notice] 1#1: start worker process 33
2024/02/13 08:48:41 [notice] 1#1: start worker process 34
2024/02/13 08:48:41 [notice] 1#1: start worker process 35
